{"name": "test_create_booking_tc2", "status": "failed", "statusDetails": {"message": "AssertionError: assert True == False", "trace": "@pytest.mark.integration\n    def test_create_booking_tc2():\n>       assert True == False\nE       assert True == False\n\ntests\\test_create_booking.py:19: AssertionError"}, "start": 1690436541966, "stop": 1690436541966, "uuid": "3548ca49-cb76-41e6-978a-9afca35ddd02", "historyId": "b0f9a4807fb47b0d1e3eded9ba036176", "testCaseId": "b0f9a4807fb47b0d1e3eded9ba036176", "fullName": "tests.test_create_booking#test_create_booking_tc2", "labels": [{"name": "tag", "value": "integration"}, {"name": "parentSuite", "value": "tests"}, {"name": "suite", "value": "test_create_booking"}, {"name": "host", "value": "DESKTOP-HVM14P1"}, {"name": "thread", "value": "16496-MainThread"}, {"name": "framework", "value": "pytest"}, {"name": "language", "value": "cpython3"}, {"name": "package", "value": "tests.test_create_booking"}]}