{"name": "test_create_booking_tc2", "status": "failed", "statusDetails": {"message": "AssertionError: assert True == False", "trace": "self = <tests.test_create_booking.TestIntegration object at 0x000001D093C5DED0>\n\n    @pytest.mark.run(order=2)\n    def test_create_booking_tc2(self):\n>       assert True == False\nE       assert True == False\n\ntests\\test_create_booking.py:19: AssertionError"}, "start": 1690455069628, "stop": 1690455069628, "uuid": "26c7e784-bbb1-450a-aba2-d15ec7e070d2", "historyId": "82bf134f0106ae12f2e80d1fc40adb1d", "testCaseId": "82bf134f0106ae12f2e80d1fc40adb1d", "fullName": "tests.test_create_booking.TestIntegration#test_create_booking_tc2", "labels": [{"name": "tag", "value": "run(order=2)"}, {"name": "parentSuite", "value": "tests"}, {"name": "suite", "value": "test_create_booking"}, {"name": "subSuite", "value": "TestIntegration"}, {"name": "host", "value": "DESKTOP-HVM14P1"}, {"name": "thread", "value": "11820-MainThread"}, {"name": "framework", "value": "pytest"}, {"name": "language", "value": "cpython3"}, {"name": "package", "value": "tests.test_create_booking"}]}