{"name": "test_create_booking_tc2", "status": "failed", "statusDetails": {"message": "AssertionError: assert True == False", "trace": "@pytest.mark.run(order=2)\n    def test_create_booking_tc2():\n>       assert True == False\nE       assert True == False\n\ntests\\test_create_booking.py:19: AssertionError"}, "start": 1690447673469, "stop": 1690447673469, "uuid": "74918614-197c-4a35-9f1f-d9876e16a5d0", "historyId": "b0f9a4807fb47b0d1e3eded9ba036176", "testCaseId": "b0f9a4807fb47b0d1e3eded9ba036176", "fullName": "tests.test_create_booking#test_create_booking_tc2", "labels": [{"name": "tag", "value": "run(order=2)"}, {"name": "parentSuite", "value": "tests"}, {"name": "suite", "value": "test_create_booking"}, {"name": "host", "value": "DESKTOP-HVM14P1"}, {"name": "thread", "value": "712-MainThread"}, {"name": "framework", "value": "pytest"}, {"name": "language", "value": "cpython3"}, {"name": "package", "value": "tests.test_create_booking"}]}